Using pre-set license
Built from '2021.3/staging' branch; Version is '2021.3.23f1 (213b516bf396) revision 2177873'; Using compiler version '192829333'; Build Type 'Release'
OS: 'Windows 10  (10.0.19044) 64bit Professional' Language: 'es' Physical Memory: 6045 MB
BatchMode: 1, IsHumanControllingUs: 0, StartBugReporterOnCrash: 0, Is64bit: 1, IsPro: 1

COMMAND LINE ARGUMENTS:
C:\Users\Maximo\Desktop\Unity 2021.3.23f1\Editor\Unity.exe
-adb2
-batchMode
-noUpm
-name
AssetImportWorker3
-projectPath
C:/Users/Maximo/Desktop/PIAPC/TP-IA
-logFile
Logs/AssetImportWorker3.log
-srvPort
<<<<<<< HEAD:Logs/AssetImportWorker1-prev.log
50571
Successfully changed project path to: C:/Users/Pedro/Desktop/Tp Gruapl Fuchibol/TP-IA
C:/Users/Pedro/Desktop/Tp Gruapl Fuchibol/TP-IA
=======
64577
Successfully changed project path to: C:/Users/Maximo/Desktop/PIAPC/TP-IA
C:/Users/Maximo/Desktop/PIAPC/TP-IA
>>>>>>> 06b7ae1e828fdc622f8f5cd7787be2af72fb5f95:Logs/AssetImportWorker19-prev.log
[UnityMemory] Configuration Parameters - Can be set up in boot.config
    "memorysetup-bucket-allocator-granularity=16"
    "memorysetup-bucket-allocator-bucket-count=8"
    "memorysetup-bucket-allocator-block-size=33554432"
    "memorysetup-bucket-allocator-block-count=8"
    "memorysetup-main-allocator-block-size=16777216"
    "memorysetup-thread-allocator-block-size=16777216"
    "memorysetup-gfx-main-allocator-block-size=16777216"
    "memorysetup-gfx-thread-allocator-block-size=16777216"
    "memorysetup-cache-allocator-block-size=4194304"
    "memorysetup-typetree-allocator-block-size=2097152"
    "memorysetup-profiler-bucket-allocator-granularity=16"
    "memorysetup-profiler-bucket-allocator-bucket-count=8"
    "memorysetup-profiler-bucket-allocator-block-size=33554432"
    "memorysetup-profiler-bucket-allocator-block-count=8"
    "memorysetup-profiler-allocator-block-size=16777216"
    "memorysetup-profiler-editor-allocator-block-size=1048576"
    "memorysetup-temp-allocator-size-main=16777216"
    "memorysetup-job-temp-allocator-block-size=2097152"
    "memorysetup-job-temp-allocator-block-size-background=1048576"
    "memorysetup-job-temp-allocator-reduction-small-platforms=262144"
    "memorysetup-temp-allocator-size-background-worker=32768"
    "memorysetup-temp-allocator-size-job-worker=262144"
    "memorysetup-temp-allocator-size-preload-manager=33554432"
    "memorysetup-temp-allocator-size-nav-mesh-worker=65536"
    "memorysetup-temp-allocator-size-audio-worker=65536"
    "memorysetup-temp-allocator-size-cloud-worker=32768"
    "memorysetup-temp-allocator-size-gi-baking-worker=262144"
    "memorysetup-temp-allocator-size-gfx=262144"
<<<<<<< HEAD:Logs/AssetImportWorker1-prev.log
Player connection [11196] Host "[IP] 192.168.0.9 [Port] 0 [Flags] 2 [Guid] 3019472429 [EditorId] 3019472429 [Version] 1048832 [Id] WindowsEditor(7,DESKTOP-CB745L2) [Debug] 1 [PackageName] WindowsEditor [ProjectName] Editor" joined multi-casting on [225.0.0.222:54997]...

Player connection [11196] Host "[IP] 192.168.0.9 [Port] 0 [Flags] 2 [Guid] 3019472429 [EditorId] 3019472429 [Version] 1048832 [Id] WindowsEditor(7,DESKTOP-CB745L2) [Debug] 1 [PackageName] WindowsEditor [ProjectName] Editor" joined alternative multi-casting on [225.0.0.222:34997]...

Refreshing native plugins compatible for Editor in 101.00 ms, found 3 plugins.
=======
Player connection [17480] Host "[IP] 192.168.0.113 [Port] 0 [Flags] 2 [Guid] 4227086782 [EditorId] 4227086782 [Version] 1048832 [Id] WindowsEditor(7,DESKTOP-R5CLT26) [Debug] 1 [PackageName] WindowsEditor [ProjectName] Editor" joined multi-casting on [225.0.0.222:54997]...

Player connection [17480] Host "[IP] 192.168.0.113 [Port] 0 [Flags] 2 [Guid] 4227086782 [EditorId] 4227086782 [Version] 1048832 [Id] WindowsEditor(7,DESKTOP-R5CLT26) [Debug] 1 [PackageName] WindowsEditor [ProjectName] Editor" joined alternative multi-casting on [225.0.0.222:34997]...

Refreshing native plugins compatible for Editor in 166.64 ms, found 3 plugins.
>>>>>>> 06b7ae1e828fdc622f8f5cd7787be2af72fb5f95:Logs/AssetImportWorker19-prev.log
Preloading 0 native plugins for Editor in 0.00 ms.
Initialize engine version: 2021.3.23f1 (213b516bf396)
[Subsystems] Discovering subsystems at path C:/Users/Maximo/Desktop/Unity 2021.3.23f1/Editor/Data/Resources/UnitySubsystems
[Subsystems] Discovering subsystems at path C:/Users/Maximo/Desktop/PIAPC/TP-IA/Assets
GfxDevice: creating device client; threaded=0; jobified=0
Direct3D:
    Version:  Direct3D 11.0 [level 11.1]
    Renderer: AMD Radeon(TM) Vega 8 Graphics (ID=0x15dd)
    Vendor:   ATI
    VRAM:     3022 MB
    Driver:   31.0.12027.7000
Initialize mono
<<<<<<< HEAD:Logs/AssetImportWorker1-prev.log
Mono path[0] = 'C:/Program Files/Unity/Hub/Editor/2021.3.23f1/Editor/Data/Managed'
Mono path[1] = 'C:/Program Files/Unity/Hub/Editor/2021.3.23f1/Editor/Data/MonoBleedingEdge/lib/mono/unityjit-win32'
Mono config path = 'C:/Program Files/Unity/Hub/Editor/2021.3.23f1/Editor/Data/MonoBleedingEdge/etc'
Using monoOptions --debugger-agent=transport=dt_socket,embedding=1,server=y,suspend=n,address=127.0.0.1:56004
Begin MonoManager ReloadAssembly
Registering precompiled unity dll's ...
Register platform support module: C:/Program Files/Unity/Hub/Editor/2021.3.23f1/Editor/Data/PlaybackEngines/WebGLSupport/UnityEditor.WebGL.Extensions.dll
Register platform support module: C:/Program Files/Unity/Hub/Editor/2021.3.23f1/Editor/Data/PlaybackEngines/WindowsStandaloneSupport/UnityEditor.WindowsStandalone.Extensions.dll
Registered in 0.008764 seconds.
Native extension for WindowsStandalone target not found
Native extension for WebGL target not found
Refreshing native plugins compatible for Editor in 100.45 ms, found 3 plugins.
Preloading 0 native plugins for Editor in 0.00 ms.
Mono: successfully reloaded assembly
- Completed reload, in  0.685 seconds
Domain Reload Profiling:
	ReloadAssembly (685ms)
		BeginReloadAssembly (89ms)
=======
Mono path[0] = 'C:/Users/Maximo/Desktop/Unity 2021.3.23f1/Editor/Data/Managed'
Mono path[1] = 'C:/Users/Maximo/Desktop/Unity 2021.3.23f1/Editor/Data/MonoBleedingEdge/lib/mono/unityjit-win32'
Mono config path = 'C:/Users/Maximo/Desktop/Unity 2021.3.23f1/Editor/Data/MonoBleedingEdge/etc'
Using monoOptions --debugger-agent=transport=dt_socket,embedding=1,server=y,suspend=n,address=127.0.0.1:56772
Begin MonoManager ReloadAssembly
Registering precompiled unity dll's ...
Register platform support module: C:/Users/Maximo/Desktop/Unity 2021.3.23f1/Editor/Data/PlaybackEngines/WindowsStandaloneSupport/UnityEditor.WindowsStandalone.Extensions.dll
Registered in 0.016720 seconds.
Native extension for WindowsStandalone target not found
Refreshing native plugins compatible for Editor in 155.44 ms, found 3 plugins.
Preloading 0 native plugins for Editor in 0.00 ms.
Mono: successfully reloaded assembly
- Completed reload, in  1.710 seconds
Domain Reload Profiling:
	ReloadAssembly (1711ms)
		BeginReloadAssembly (331ms)
>>>>>>> 06b7ae1e828fdc622f8f5cd7787be2af72fb5f95:Logs/AssetImportWorker19-prev.log
			ExecutionOrderSort (0ms)
			DisableScriptedObjects (0ms)
			BackupInstance (0ms)
			ReleaseScriptingObjects (0ms)
<<<<<<< HEAD:Logs/AssetImportWorker1-prev.log
			CreateAndSetChildDomain (1ms)
		EndReloadAssembly (480ms)
			LoadAssemblies (87ms)
			RebuildTransferFunctionScriptingTraits (0ms)
			SetupTypeCache (112ms)
			ReleaseScriptCaches (0ms)
			RebuildScriptCaches (28ms)
			SetupLoadedEditorAssemblies (287ms)
				LogAssemblyErrors (0ms)
				InitializePlatformSupportModulesInManaged (10ms)
				SetLoadedEditorAssemblies (0ms)
				RefreshPlugins (101ms)
				BeforeProcessingInitializeOnLoad (1ms)
				ProcessInitializeOnLoadAttributes (128ms)
				ProcessInitializeOnLoadMethodAttributes (47ms)
=======
			CreateAndSetChildDomain (6ms)
		EndReloadAssembly (1169ms)
			LoadAssemblies (312ms)
			RebuildTransferFunctionScriptingTraits (0ms)
			SetupTypeCache (248ms)
			ReleaseScriptCaches (0ms)
			RebuildScriptCaches (230ms)
			SetupLoadedEditorAssemblies (590ms)
				LogAssemblyErrors (0ms)
				InitializePlatformSupportModulesInManaged (21ms)
				SetLoadedEditorAssemblies (0ms)
				RefreshPlugins (156ms)
				BeforeProcessingInitializeOnLoad (2ms)
				ProcessInitializeOnLoadAttributes (304ms)
				ProcessInitializeOnLoadMethodAttributes (107ms)
>>>>>>> 06b7ae1e828fdc622f8f5cd7787be2af72fb5f95:Logs/AssetImportWorker19-prev.log
				AfterProcessingInitializeOnLoad (0ms)
				EditorAssembliesLoaded (0ms)
			ExecutionOrderSort2 (0ms)
			AwakeInstancesAfterBackupRestoration (0ms)
Platform modules already initialized, skipping
Registering precompiled user dll's ...
<<<<<<< HEAD:Logs/AssetImportWorker1-prev.log
Registered in 0.005269 seconds.
=======
Registered in 0.043133 seconds.
>>>>>>> 06b7ae1e828fdc622f8f5cd7787be2af72fb5f95:Logs/AssetImportWorker19-prev.log
Begin MonoManager ReloadAssembly
Symbol file LoadedFromMemory doesn't match image C:\Users\Maximo\Desktop\PIAPC\TP-IA\Library\PackageCache\com.unity.visualscripting@1.8.0\Editor\VisualScripting.Core\Dependencies\YamlDotNet\Unity.VisualScripting.YamlDotNet.dll
Symbol file LoadedFromMemory doesn't match image C:\Users\Maximo\Desktop\PIAPC\TP-IA\Library\PackageCache\com.unity.visualscripting@1.8.0\Editor\VisualScripting.Core\Dependencies\DotNetZip\Unity.VisualScripting.IonicZip.dll
Native extension for WindowsStandalone target not found
<<<<<<< HEAD:Logs/AssetImportWorker1-prev.log
Native extension for WebGL target not found
Refreshing native plugins compatible for Editor in 0.66 ms, found 3 plugins.
Preloading 0 native plugins for Editor in 0.00 ms.
Mono: successfully reloaded assembly
- Completed reload, in  0.868 seconds
Domain Reload Profiling:
	ReloadAssembly (869ms)
		BeginReloadAssembly (134ms)
=======
Refreshing native plugins compatible for Editor in 1.99 ms, found 3 plugins.
Preloading 0 native plugins for Editor in 0.00 ms.
Mono: successfully reloaded assembly
- Completed reload, in  3.190 seconds
Domain Reload Profiling:
	ReloadAssembly (3193ms)
		BeginReloadAssembly (685ms)
>>>>>>> 06b7ae1e828fdc622f8f5cd7787be2af72fb5f95:Logs/AssetImportWorker19-prev.log
			ExecutionOrderSort (0ms)
			DisableScriptedObjects (11ms)
			BackupInstance (0ms)
			ReleaseScriptingObjects (0ms)
<<<<<<< HEAD:Logs/AssetImportWorker1-prev.log
			CreateAndSetChildDomain (22ms)
		EndReloadAssembly (611ms)
			LoadAssemblies (84ms)
			RebuildTransferFunctionScriptingTraits (0ms)
			SetupTypeCache (220ms)
			ReleaseScriptCaches (1ms)
			RebuildScriptCaches (29ms)
			SetupLoadedEditorAssemblies (249ms)
				LogAssemblyErrors (0ms)
				InitializePlatformSupportModulesInManaged (8ms)
				SetLoadedEditorAssemblies (0ms)
				RefreshPlugins (1ms)
				BeforeProcessingInitializeOnLoad (106ms)
				ProcessInitializeOnLoadAttributes (101ms)
				ProcessInitializeOnLoadMethodAttributes (23ms)
				AfterProcessingInitializeOnLoad (9ms)
				EditorAssembliesLoaded (0ms)
			ExecutionOrderSort2 (0ms)
			AwakeInstancesAfterBackupRestoration (7ms)
=======
			CreateAndSetChildDomain (36ms)
		EndReloadAssembly (2262ms)
			LoadAssemblies (735ms)
			RebuildTransferFunctionScriptingTraits (0ms)
			SetupTypeCache (627ms)
			ReleaseScriptCaches (2ms)
			RebuildScriptCaches (160ms)
			SetupLoadedEditorAssemblies (842ms)
				LogAssemblyErrors (0ms)
				InitializePlatformSupportModulesInManaged (13ms)
				SetLoadedEditorAssemblies (1ms)
				RefreshPlugins (2ms)
				BeforeProcessingInitializeOnLoad (236ms)
				ProcessInitializeOnLoadAttributes (530ms)
				ProcessInitializeOnLoadMethodAttributes (42ms)
				AfterProcessingInitializeOnLoad (16ms)
				EditorAssembliesLoaded (0ms)
			ExecutionOrderSort2 (0ms)
			AwakeInstancesAfterBackupRestoration (11ms)
>>>>>>> 06b7ae1e828fdc622f8f5cd7787be2af72fb5f95:Logs/AssetImportWorker19-prev.log
Platform modules already initialized, skipping
========================================================================
Worker process is ready to serve import requests
Launched and connected shader compiler UnityShaderCompiler.exe after 0.22 seconds
Refreshing native plugins compatible for Editor in 0.87 ms, found 3 plugins.
Preloading 0 native plugins for Editor in 0.00 ms.
Unloading 3430 Unused Serialized files (Serialized files now loaded: 0)
<<<<<<< HEAD:Logs/AssetImportWorker1-prev.log
Unloading 20 unused Assets / (151.1 KB). Loaded Objects now: 3884.
Memory consumption went from 121.9 MB to 121.8 MB.
Total: 3.335400 ms (FindLiveObjects: 0.380900 ms CreateObjectMapping: 0.089300 ms MarkObjects: 2.701700 ms  DeleteObjects: 0.162000 ms)
=======
Unloading 25 unused Assets / (150.9 KB). Loaded Objects now: 3891.
Memory consumption went from 123.7 MB to 123.5 MB.
Total: 5.959800 ms (FindLiveObjects: 0.494500 ms CreateObjectMapping: 0.211700 ms MarkObjects: 5.003400 ms  DeleteObjects: 0.248600 ms)
>>>>>>> 06b7ae1e828fdc622f8f5cd7787be2af72fb5f95:Logs/AssetImportWorker19-prev.log

AssetImportParameters requested are different than current active one (requested -> active):
  custom:video-decoder-ogg-theora: a1e56fd34408186e4bbccfd4996cb3dc -> 
  custom:container-muxer-webm: aa71ff27fc2769a1b78a27578f13a17b -> 
  custom:container-demuxer-webm: 4f35f7cbe854078d1ac9338744f61a02 -> 
  custom:video-encoder-webm-vp8: eb34c28f22e8b96e1ab97ce403110664 -> 
  custom:audio-encoder-webm-vorbis: bf7c407c2cedff20999df2af8eb42d56 -> 
  custom:framework-win-MediaFoundation: 216162199b28c13a410421893ffa2e32 -> 
  custom:container-demuxer-ogg: 62fdf1f143b41e24485cea50d1cbac27 -> 
  custom:video-decoder-webm-vp8: 9c59270c3fd7afecdb556c50c9e8de78 -> 
  custom:audio-decoder-ogg-vorbis: bf7c407c2cedff20999df2af8eb42d56 -> 
========================================================================
Received Import Request.
  Time since last request: 6419.544609 seconds.
  path: Assets/Scripts/Estado.cs
  artifactKey: Guid(aed23b2ff02225943bac8adbc09ca321) Importer(815301076,1909f56bfc062723c751e8b465ee728b)
Start importing Assets/Scripts/Estado.cs using Guid(aed23b2ff02225943bac8adbc09ca321) Importer(815301076,1909f56bfc062723c751e8b465ee728b)  -> (artifact id: '39bf7d881848122c4fa4959732b17386') in 0.043868 seconds 
========================================================================
Received Import Request.
  Time since last request: 128.470737 seconds.
  path: Assets/Blender/Jugador 1.fbx
  artifactKey: Guid(ddbc1e1cefb5c3846be5cd28ebe8b69b) Importer(815301076,1909f56bfc062723c751e8b465ee728b)
Start importing Assets/Blender/Jugador 1.fbx using Guid(ddbc1e1cefb5c3846be5cd28ebe8b69b) Importer(815301076,1909f56bfc062723c751e8b465ee728b)  -> (artifact id: 'c01c0654e03f542a8fb647ffce989f66') in 0.271665 seconds 
========================================================================
Received Import Request.
  Time since last request: 0.000051 seconds.
  path: Assets/Blender/Jugador 3.fbx
  artifactKey: Guid(a6ce64c9d07bbcf4bbbfba86291ca604) Importer(815301076,1909f56bfc062723c751e8b465ee728b)
Start importing Assets/Blender/Jugador 3.fbx using Guid(a6ce64c9d07bbcf4bbbfba86291ca604) Importer(815301076,1909f56bfc062723c751e8b465ee728b)  -> (artifact id: 'd28242826e294a30ed30eae5b9afd703') in 0.088994 seconds 
Editor requested this worker to shutdown with reason: Scaling down because of idle timeout
AssetImportWorker is now disconnected from the server
Process exiting
Exiting without the bug reporter. Application will terminate with return code 0